$ turbo dev --filter=showcase
turbo 2.5.4

• Packages in scope: showcase
• Running dev in 1 packages
• Remote caching disabled
showcase:dev: cache bypass, force executing 83779b99513e3356
showcase:dev: $ next dev --turbopack --port 3003
showcase:dev: [MDX] updated map file in 4.747833000000014ms
showcase:dev: [MDX] started dev server
showcase:dev:    ▲ Next.js 15.3.4 (Turbopack)
showcase:dev:    - Local:        http://localhost:3003
showcase:dev:    - Network:      http://192.168.1.163:3003
showcase:dev:    - Environments: .env.local
showcase:dev: 
showcase:dev:  ✓ Starting...
showcase:dev:  ✓ Ready in 627ms
showcase:dev:  ○ Compiling / ...
showcase:dev:  ✓ Compiled / in 909ms
showcase:dev:  GET / 200 in 1098ms
showcase:dev:  ○ Compiling /docs/[[...slug]] ...
showcase:dev:  GET / 200 in 80ms
showcase:dev:  ✓ Compiled /docs/[[...slug]] in 1491ms
showcase:dev:  GET /favicon.ico?favicon.45db1c09.ico 200 in 523ms
showcase:dev:  GET /docs/components/step-indicator 200 in 2350ms
showcase:dev:  GET / 200 in 89ms
showcase:dev:  GET /docs/components/step-indicator 200 in 258ms
showcase:dev:  GET / 200 in 82ms
showcase:dev:  GET /docs/components/step-indicator 200 in 248ms
showcase:dev:  GET / 200 in 82ms
showcase:dev:  GET /docs/installation 200 in 184ms
showcase:dev:  GET /docs/cli 200 in 235ms
showcase:dev:  GET /docs/cli 200 in 227ms
showcase:dev:  GET /favicon.ico?favicon.45db1c09.ico 200 in 225ms
showcase:dev:  GET /docs/components/step-indicator 200 in 246ms
showcase:dev:  ✓ Compiled in 1624ms
showcase:dev:  ✓ Compiled /docs/[[...slug]] in 49ms
showcase:dev:  ⨯ [Error: ENOENT: no such file or directory, open '/Users/satchmo/code/bigblocks-registry/apps/showcase/.next/server/app/(app)/docs/[[...slug]]/page/app-build-manifest.json'] {
showcase:dev:   errno: -2,
showcase:dev:   code: 'ENOENT',
showcase:dev:   syscall: 'open',
showcase:dev:   path: '/Users/satchmo/code/bigblocks-registry/apps/showcase/.next/server/app/(app)/docs/[[...slug]]/page/app-build-manifest.json'
showcase:dev: }
showcase:dev:  ⚠ ./node_modules/shadcn/node_modules/ts-morph/dist
showcase:dev: Package @ts-morph/common can't be external
showcase:dev: The request @ts-morph/common matches serverExternalPackages (or the default list).
showcase:dev: The package resolves to a different version when requested from the project directory (0.27.0) compared to the package requested from the importing module (0.19.0).
showcase:dev: Make sure to install the same version of the package in both locations.
showcase:dev: 
showcase:dev: 
showcase:dev:  ⚠ ./node_modules/shadcn/node_modules/ts-morph/node_modules/@ts-morph/common/node_modules/minimatch/dist/cjs
showcase:dev: Package brace-expansion can't be external
showcase:dev: The request brace-expansion matches serverExternalPackages (or the default list).
showcase:dev: The package resolves to a different version when requested from the project directory (1.1.12) compared to the package requested from the importing module (2.0.2).
showcase:dev: Make sure to install the same version of the package in both locations.
showcase:dev: 
showcase:dev: 
showcase:dev:  ⚠ ./node_modules/shadcn/node_modules/ts-morph/dist
showcase:dev: Package code-block-writer can't be external
showcase:dev: The request code-block-writer matches serverExternalPackages (or the default list).
showcase:dev: The package.json of the package has no name or version.
showcase:dev: 
showcase:dev: 
showcase:dev:  ⚠ ./node_modules/shadcn/node_modules/ts-morph/node_modules/@ts-morph/common/dist
showcase:dev: Package minimatch can't be external
showcase:dev: The request minimatch matches serverExternalPackages (or the default list).
showcase:dev: The package.json of the package resolved from project directory has no name or version.
showcase:dev: 
showcase:dev: 
showcase:dev:  ⚠ ./node_modules/shadcn/node_modules/ts-morph/node_modules/@ts-morph/common/dist
showcase:dev: Package mkdirp can't be external
showcase:dev: The request mkdirp matches serverExternalPackages (or the default list).
showcase:dev: The package resolves to a different version when requested from the project directory (3.0.1) compared to the package requested from the importing module (2.1.6).
showcase:dev: Make sure to install the same version of the package in both locations.
showcase:dev: 
showcase:dev: 
showcase:dev:  ⚠ ./node_modules/shadcn/dist
showcase:dev: Package ts-morph can't be external
showcase:dev: The request ts-morph matches serverExternalPackages (or the default list).
showcase:dev: The package resolves to a different version when requested from the project directory (26.0.0) compared to the package requested from the importing module (18.0.0).
showcase:dev: Make sure to install the same version of the package in both locations.
showcase:dev: 
showcase:dev: 
showcase:dev:  ✓ Compiled /_error in 351ms
showcase:dev:  ⨯ [Error: ENOENT: no such file or directory, open '/Users/satchmo/code/bigblocks-registry/apps/showcase/.next/static/development/_buildManifest.js.tmp.5lckudiw71'] {
showcase:dev:   errno: -2,
showcase:dev:   code: 'ENOENT',
showcase:dev:   syscall: 'open',
showcase:dev:   path: '/Users/satchmo/code/bigblocks-registry/apps/showcase/.next/static/development/_buildManifest.js.tmp.5lckudiw71'
showcase:dev: }
showcase:dev: [Error: ENOENT: no such file or directory, open '/Users/satchmo/code/bigblocks-registry/apps/showcase/.next/server/app/(app)/docs/[[...slug]]/page/app-build-manifest.json'] {
showcase:dev:   errno: -2,
showcase:dev:   code: 'ENOENT',
showcase:dev:   syscall: 'open',
showcase:dev:   path: '/Users/satchmo/code/bigblocks-registry/apps/showcase/.next/server/app/(app)/docs/[[...slug]]/page/app-build-manifest.json'
showcase:dev: }
showcase:dev:  ⨯ [Error: ENOENT: no such file or directory, open '/Users/satchmo/code/bigblocks-registry/apps/showcase/.next/static/development/_buildManifest.js.tmp.lao7cvk1uol'] {
showcase:dev:   errno: -2,
showcase:dev:   code: 'ENOENT',
showcase:dev:   syscall: 'open',
showcase:dev:   path: '/Users/satchmo/code/bigblocks-registry/apps/showcase/.next/static/development/_buildManifest.js.tmp.lao7cvk1uol'
showcase:dev: }
showcase:dev: [Error: ENOENT: no such file or directory, open '/Users/satchmo/code/bigblocks-registry/apps/showcase/.next/static/development/_buildManifest.js.tmp.51m7yae3ypj'] {
showcase:dev:   errno: -2,
showcase:dev:   code: 'ENOENT',
showcase:dev:   syscall: 'open',
showcase:dev:   path: '/Users/satchmo/code/bigblocks-registry/apps/showcase/.next/static/development/_buildManifest.js.tmp.51m7yae3ypj'
showcase:dev: }
showcase:dev:  ⨯ [Error: ENOENT: no such file or directory, open '/Users/satchmo/code/bigblocks-registry/apps/showcase/.next/server/app/(app)/docs/[[...slug]]/page/app-build-manifest.json'] {
showcase:dev:   errno: -2,
showcase:dev:   code: 'ENOENT',
showcase:dev:   syscall: 'open',
showcase:dev:   path: '/Users/satchmo/code/bigblocks-registry/apps/showcase/.next/server/app/(app)/docs/[[...slug]]/page/app-build-manifest.json'
showcase:dev: }
showcase:dev:  ⨯ [Error: ENOENT: no such file or directory, open '/Users/satchmo/code/bigblocks-registry/apps/showcase/.next/static/development/_buildManifest.js.tmp.3cn5t26jw9g'] {
showcase:dev:   errno: -2,
showcase:dev:   code: 'ENOENT',
showcase:dev:   syscall: 'open',
showcase:dev:   path: '/Users/satchmo/code/bigblocks-registry/apps/showcase/.next/static/development/_buildManifest.js.tmp.3cn5t26jw9g'
showcase:dev: }
showcase:dev: [Error: ENOENT: no such file or directory, open '/Users/satchmo/code/bigblocks-registry/apps/showcase/.next/server/app/(app)/docs/[[...slug]]/page/app-build-manifest.json'] {
showcase:dev:   errno: -2,
showcase:dev:   code: 'ENOENT',
showcase:dev:   syscall: 'open',
showcase:dev:   path: '/Users/satchmo/code/bigblocks-registry/apps/showcase/.next/server/app/(app)/docs/[[...slug]]/page/app-build-manifest.json'
showcase:dev: }
showcase:dev:  ⨯ [Error: ENOENT: no such file or directory, open '/Users/satchmo/code/bigblocks-registry/apps/showcase/.next/static/development/_buildManifest.js.tmp.c7rns40j25'] {
showcase:dev:   errno: -2,
showcase:dev:   code: 'ENOENT',
showcase:dev:   syscall: 'open',
showcase:dev:   path: '/Users/satchmo/code/bigblocks-registry/apps/showcase/.next/static/development/_buildManifest.js.tmp.c7rns40j25'
showcase:dev: }
showcase:dev: [Error: ENOENT: no such file or directory, open '/Users/satchmo/code/bigblocks-registry/apps/showcase/.next/static/development/_buildManifest.js.tmp.oxspidjcqo'] {
showcase:dev:   errno: -2,
showcase:dev:   code: 'ENOENT',
showcase:dev:   syscall: 'open',
showcase:dev:   path: '/Users/satchmo/code/bigblocks-registry/apps/showcase/.next/static/development/_buildManifest.js.tmp.oxspidjcqo'
showcase:dev: }
showcase:dev:  ⨯ [Error: ENOENT: no such file or directory, open '/Users/satchmo/code/bigblocks-registry/apps/showcase/.next/server/app/favicon.ico/[__metadata_id__]/route/app-paths-manifest.json'] {
showcase:dev:   errno: -2,
showcase:dev:   code: 'ENOENT',
showcase:dev:   syscall: 'open',
showcase:dev:   path: '/Users/satchmo/code/bigblocks-registry/apps/showcase/.next/server/app/favicon.ico/[__metadata_id__]/route/app-paths-manifest.json'
showcase:dev: }
showcase:dev: 
showcase:dev: -----
showcase:dev: [1m[31mFATAL[39m[0m: An unexpected Turbopack error occurred. A panic log has been written to /var/folders/cc/k30d_0ts5pz_z9vh2013shb00000gn/T/next-panic-706af81d33b3065590ee444d409a8a5a.log.
showcase:dev: 
showcase:dev: To help make Turbopack better, report this error by ]8;;https://github.com/vercel/next.js/discussions/new?category=turbopack-error-report&title=Turbopack%20Error%3A%20Expected%20file%20content%20for%20file&body=Turbopack%20version%3A%20%60v15.3.3-3-gf9e98b9ce%60%0A%0AError%20message%3A%0A%60%60%60%0AExpected%20file%20content%20for%20file%0A%0ADebug%20info%3A%0A-%20Execution%20of%20subscribe_issues_and_diags_operation%20failed%0A-%20Execution%20of%20%3CPageEndpoint%20as%20Endpoint%3E%3A%3Aserver_changed%20failed%0A-%20Execution%20of%20PageEndpoint%3A%3Aoutput%20failed%0A-%20Execution%20of%20PageEndpoint%3A%3Ainternal_ssr_chunk%20failed%0A-%20Execution%20of%20PageEndpoint%3A%3Ainternal_ssr_chunk_module%20failed%0A-%20Execution%20of%20create_page_ssr_entry_module%20failed%0A-%20Execution%20of%20file_content_rope%20failed%0A-%20Expected%20file%20content%20for%20file%0A%60%60%60&labels=Turbopack,Turbopack%20Panic%20Backtrace\clicking here.]8;;\
showcase:dev: -----
showcase:dev: 
showcase:dev:  ✓ Compiled in 4.9s
showcase:dev: [?25h
showcase:dev: [MDX] closing dev server

 Tasks:    1 successful, 1 total
Cached:    0 cached, 1 total
  Time:    30m47.666s 

