$ next build
▲ Next.js 16.2.1 (Turbopack)
- Environments: .env.local, .env.production

  Creating an optimized production build ...
[MDX] generated files in 5.695333000000005ms
Turbopack build encountered 1 warnings:
./apps/showcase/next.config.ts
Encountered unexpected file in NFT list
A file was traced that indicates that the whole project was traced unintentionally. Somewhere in the import trace below, there are:
- filesystem operations (like path.join, path.resolve or fs.readFile), or
- very dynamic requires (like require('./' + foo)).
To resolve this, you can
- remove them if possible, or
- only use them in development, or
- make sure they are statically scoped to some subfolder: path.join(process.cwd(), 'data', bar), or
- add ignore comments: path.join(/*turbopackIgnore: true*/ process.cwd(), bar)

Import trace:
  Server Component:
    ./apps/showcase/next.config.ts
    ./apps/showcase/components/component-source.tsx
    ./apps/showcase/mdx-components.tsx
    ./apps/showcase/app/(app)/docs/[[...slug]]/page.tsx


✓ Compiled successfully in 4.7s
  Running TypeScript ...
  Finished TypeScript in 3.3s ...
  Collecting page data using 7 workers ...
  Generating static pages using 7 workers (0/5) ...
  Generating static pages using 7 workers (1/5) 
  Generating static pages using 7 workers (2/5) 
  Generating static pages using 7 workers (3/5) 
✓ Generating static pages using 7 workers (5/5) in 212ms
  Finalizing page optimization ...

Route (app)
┌ ○ /
├ ○ /_not-found
├ ○ /dashboard
└ ƒ /docs/[[...slug]]


○  (Static)   prerendered as static content
ƒ  (Dynamic)  server-rendered on demand

